<?xml version="1.0" encoding="UTF-8"?>
<!-- Generated by org.testng.reporters.JUnitXMLReporter -->
<testsuite hostname="pooja-ThinkCentre-M710s" ignored="0" name="Test" tests="1" failures="1" timestamp="16 Dec 2019 07:41:12 GMT" time="0.051" errors="0">
  <testcase name="pCalculator" time="0.033" classname="CalcTest.Calculator">
    <failure type="java.lang.IllegalStateException" message="The driver executable does not exist: /home/pooja/eclipse-workspace/CalculatorProject/chromedriver.exe">
      <![CDATA[java.lang.IllegalStateException: The driver executable does not exist: /home/pooja/eclipse-workspace/CalculatorProject/chromedriver.exe
	at com.google.common.base.Preconditions.checkState(Preconditions.java:585)
	at org.openqa.selenium.remote.service.DriverService.checkExecutable(DriverService.java:137)
	at org.openqa.selenium.remote.service.DriverService.findExecutable(DriverService.java:132)
	at org.openqa.selenium.chrome.ChromeDriverService.access$000(ChromeDriverService.java:35)
	at org.openqa.selenium.chrome.ChromeDriverService$Builder.findDefaultExecutable(ChromeDriverService.java:156)
	at org.openqa.selenium.remote.service.DriverService$Builder.build(DriverService.java:346)
	at org.openqa.selenium.chrome.ChromeDriverService.createDefaultService(ChromeDriverService.java:91)
	at org.openqa.selenium.chrome.ChromeDriver.<init>(ChromeDriver.java:123)
	at CalcTest.Calculator.pCalculator(Calculator.java:21)
... Removed 25 stack frames]]>
    </failure>
  </testcase> <!-- pCalculator -->
</testsuite> <!-- Test -->
